e:\jyfinalprojectt\gameserver\x64\debug\gameserver.pch
e:\jyfinalprojectt\gameserver\x64\debug\vc140.pdb
e:\jyfinalprojectt\gameserver\x64\debug\vc140.idb
e:\jyfinalprojectt\gameserver\x64\debug\stdafx.obj
e:\jyfinalprojectt\gameserver\x64\debug\gameserver.obj
e:\jyfinalprojectt\gameserver\x64\debug\jyconnecteduser.obj
e:\jyfinalprojectt\gameserver\x64\debug\jycumanager.obj
e:\jyfinalprojectt\gameserver\x64\debug\jygamedatabase.obj
e:\jyfinalprojectt\gameserver\x64\debug\jygameroom.obj
e:\jyfinalprojectt\gameserver\x64\debug\jygrmanager.obj
e:\jyfinalprojectt\gameserver\x64\debug\jygserveriocp.obj
e:\jyfinalprojectt\x64\debug\gameserver.ilk
e:\jyfinalprojectt\x64\debug\gameserver.exe
e:\jyfinalprojectt\x64\debug\gameserver.pdb
e:\jyfinalprojectt\gameserver\x64\debug\gameserver.tlog\cl.read.1.tlog
e:\jyfinalprojectt\gameserver\x64\debug\gameserver.tlog\cl.write.1.tlog
e:\jyfinalprojectt\gameserver\x64\debug\gameserver.tlog\cl.command.1.tlog
e:\jyfinalprojectt\gameserver\x64\debug\gameserver.tlog\link.read.1.tlog
e:\jyfinalprojectt\gameserver\x64\debug\gameserver.tlog\link.write.1.tlog
e:\jyfinalprojectt\gameserver\x64\debug\gameserver.tlog\link.command.1.tlog
